<?xml version="1.0" encoding="UTF-8"?>
<!-- Generated by org.testng.reporters.JUnitReportReporter -->
<testsuite skipped="0" hostname="DESKTOP-NMH8UGV" name="test.AddAccountTest" tests="1" failures="0" timestamp="2020-05-17T01:50:42 CDT" time="15.771" errors="0">
  <testcase name="addContact" time="15.771" classname="test.AddAccountTest"/>
  <system-out/>
</testsuite> <!-- test.AddAccountTest -->
