<?xml version="1.0" encoding="UTF-8"?>
<!-- Generated by org.testng.reporters.JUnitReportReporter -->
<testsuite skipped="0" hostname="DESKTOP-NMH8UGV" name="test.AddAccountTestXML" tests="1" failures="0" timestamp="2020-05-17T12:51:58 CDT" time="18.527" errors="0">
  <testcase name="addContact" time="18.527" classname="test.AddAccountTestXML"/>
  <system-out/>
</testsuite> <!-- test.AddAccountTestXML -->
