<?xml version="1.0" encoding="UTF-8"?>
<!-- Generated by org.testng.reporters.JUnitReportReporter -->
<testsuite skipped="0" hostname="DESKTOP-NMH8UGV" name="test.LoginTest" tests="1" failures="0" timestamp="2020-05-17T12:50:49 CDT" time="8.245" errors="0">
  <testcase name="loginTest" time="8.245" classname="test.LoginTest"/>
  <system-out/>
</testsuite> <!-- test.LoginTest -->
